  Animation.cpp
C:\Users\NEXTs\OneDrive\ドキュメント\SHOTMAN\SHOTMAN\SHOTMAN\Animation.cpp(2,10): error C1083: include ファイルを開けません。'DxLib.h':No such file or directory
  Enemy.cpp
C:\Users\NEXTs\OneDrive\ドキュメント\SHOTMAN\SHOTMAN\SHOTMAN\Enemy.h(5,22): warning C4584: 'Enemy': 基底クラス '_base2DGameObject' は既に '_baseEnemy' の基底クラスです。
  (ソース ファイル 'Enemy.cpp' をコンパイルしています)
  C:\Users\NEXTs\OneDrive\ドキュメント\SHOTMAN\SHOTMAN\SHOTMAN\_base2DGameObject.h(6,7):
  '_base2DGameObject' の宣言を確認してください
  C:\Users\NEXTs\OneDrive\ドキュメント\SHOTMAN\SHOTMAN\SHOTMAN\_baseEnemy.h(4,7):
  '_baseEnemy' の宣言を確認してください
  
  Fade.cpp
C:\Users\NEXTs\OneDrive\ドキュメント\SHOTMAN\SHOTMAN\SHOTMAN\Fade.cpp(2,10): error C1083: include ファイルを開けません。'DxLib.h':No such file or directory
  main.cpp
C:\Users\NEXTs\OneDrive\ドキュメント\SHOTMAN\SHOTMAN\SHOTMAN\main.cpp(1,10): error C1083: include ファイルを開けません。'DxLib.h':No such file or directory
  Pad.cpp
C:\Users\NEXTs\OneDrive\ドキュメント\SHOTMAN\SHOTMAN\SHOTMAN\Pad.cpp(2,10): error C1083: include ファイルを開けません。'DxLib.h':No such file or directory
  Player.cpp
C:\Users\NEXTs\OneDrive\ドキュメント\SHOTMAN\SHOTMAN\SHOTMAN\Player.cpp(2,10): error C1083: include ファイルを開けません。'DxLib.h':No such file or directory
  SceneGame.cpp
C:\Users\NEXTs\OneDrive\ドキュメント\SHOTMAN\SHOTMAN\SHOTMAN\SceneGame.cpp(2,10): error C1083: include ファイルを開けません。'DxLib.h':No such file or directory
  SceneManager.cpp
C:\Users\NEXTs\OneDrive\ドキュメント\SHOTMAN\SHOTMAN\SHOTMAN\SceneManager.cpp(2,10): error C1083: include ファイルを開けません。'DxLib.h':No such file or directory
  SceneTitle.cpp
C:\Users\NEXTs\OneDrive\ドキュメント\SHOTMAN\SHOTMAN\SHOTMAN\SceneTitle.cpp(2,10): error C1083: include ファイルを開けません。'DxLib.h':No such file or directory
  Shot.cpp
C:\Users\NEXTs\OneDrive\ドキュメント\SHOTMAN\SHOTMAN\SHOTMAN\Shot.cpp(2,10): error C1083: include ファイルを開けません。'DxLib.h':No such file or directory
  _baseCollision.cpp
  _baseEnemy.cpp
  コードを生成中...
