c:\users\fko2447006\source\repos\shotman\shotman\x64\debug\vc143.pdb
c:\users\fko2447006\source\repos\shotman\shotman\x64\debug\vc143.idb
c:\users\fko2447006\source\repos\shotman\shotman\x64\debug\main.obj
c:\users\fko2447006\source\repos\shotman\x64\debug\shotman.exe
c:\users\fko2447006\source\repos\shotman\x64\debug\shotman.pdb
c:\users\fko2447006\source\repos\shotman\shotman\x64\debug\shotman.ilk
c:\users\末原　銀次\documents\github\shotman\shotman\shotman\shotman\x64\debug\main.obj
c:\users\末原　銀次\documents\github\shotman\shotman\shotman\shotman\x64\debug\shotman.ilk
c:\users\末原　銀次\documents\github\shotman\shotman\shotman\shotman\x64\debug\vc143.idb
c:\users\末原　銀次\documents\github\shotman\shotman\shotman\shotman\x64\debug\vc143.pdb
c:\users\末原　銀次\documents\github\shotman\shotman\shotman\x64\debug\shotman.pdb
c:\users\末原　銀次\documents\github\shotman\shotman\shotman\x64\debug\shotman.exe
c:\users\末原　銀次\documents\github\shotman\shotman\shotman\shotman\x64\debug\shotman.tlog\cl.command.1.tlog
c:\users\末原　銀次\documents\github\shotman\shotman\shotman\shotman\x64\debug\shotman.tlog\cl.items.tlog
c:\users\末原　銀次\documents\github\shotman\shotman\shotman\shotman\x64\debug\shotman.tlog\cl.read.1.tlog
c:\users\末原　銀次\documents\github\shotman\shotman\shotman\shotman\x64\debug\shotman.tlog\cl.write.1.tlog
c:\users\末原　銀次\documents\github\shotman\shotman\shotman\shotman\x64\debug\shotman.tlog\link.command.1.tlog
c:\users\末原　銀次\documents\github\shotman\shotman\shotman\shotman\x64\debug\shotman.tlog\link.read.1.tlog
c:\users\末原　銀次\documents\github\shotman\shotman\shotman\shotman\x64\debug\shotman.tlog\link.secondary.1.tlog
c:\users\末原　銀次\documents\github\shotman\shotman\shotman\shotman\x64\debug\shotman.tlog\link.write.1.tlog
